{
	SQL => qq[

SELECT DISTINCT
    P.strNationalNum, 
    P.strLocalFirstname, 
    P.strLocalSurname, 
    P.dtDOB, 
    P.strEmail,
    P.strPhoneHome,
    TIMESTAMPDIFF(YEAR, P.dtDOB, CURDATE()) as currentAge,
    D.strApprovalStatus 
FROM 
    tblPerson as P 
        LEFT JOIN tblDocuments as D 
            ON (
                D.intPersonID=P.intPersonID
                AND D.intDocumentTypeID=35
            ) 
WHERE 
    P.intRealmID = ###REALMID###
    AND P.dtDOB <= '1980-12-31' 
    AND (D.strApprovalStatus IS NULL OR D.strApprovalStatus <> 'APPROVED') 
    AND P.strNationalNum <> ''
    AND P.intNatCustomLU5 = 558007
	],
	StatsReport => 0,
	ReportEntity => 100,
	ReportLevel => 0,
	Template => 'default',
	DistinctValues => 1,
	Labels => [
		['strNationalNum','MA ID'],
		['strLocalFirstname','First Name'],
		['strLocalSurname','Family Name'],
		['strEmail','Email'],
		['strPhoneHome','Contact Number'],
		['dtDOB','Date of Birth'],
		['currentAge','Current Age'],
		['strApprovalStatus','Par Q Status'],
	],
	Sort => [
		['strLocalSurname','ASC','string'],
		['strLocalFirstname','ASC','string'],
	],
}
